0 info it worked if it ends with ok
1 verbose cli [ '/usr/bin/node', '/usr/bin/npm', 'install', 'zlib' ]
2 info using npm@3.5.2
3 info using node@v8.10.0
4 silly loadCurrentTree Starting
5 silly install loadCurrentTree
6 silly install readLocalPackageData
7 silly fetchPackageMetaData zlib
8 silly fetchNamedPackageData zlib
9 silly mapToRegistry name zlib
10 silly mapToRegistry using default registry
11 silly mapToRegistry registry https://registry.npmjs.org/
12 silly mapToRegistry uri https://registry.npmjs.org/zlib
13 verbose request uri https://registry.npmjs.org/zlib
14 verbose request no auth needed
15 info attempt registry request try #1 at 9:03:37 PM
16 verbose request id c08cc478c3c3b1fd
17 http request GET https://registry.npmjs.org/zlib
18 http 200 https://registry.npmjs.org/zlib
19 verbose headers { date: 'Fri, 22 Jun 2018 20:03:47 GMT',
19 verbose headers   'content-type': 'application/json; charset=UTF-8',
19 verbose headers   'transfer-encoding': 'chunked',
19 verbose headers   connection: 'keep-alive',
19 verbose headers   'set-cookie':
19 verbose headers    [ '__cfduid=da9ab978fdc67d633a6570c59c2b662421529697827; expires=Sat, 22-Jun-19 20:03:47 GMT; path=/; domain=.registry.npmjs.org; HttpOnly' ],
19 verbose headers   'cache-control': 'max-age=300',
19 verbose headers   'cf-cache-status': 'HIT',
19 verbose headers   'cf-ray': '42f151fefc75b7cb-CDG',
19 verbose headers   etag: 'W/"9552c2bccbf113f588f25d2289c03311"',
19 verbose headers   'expect-ct': 'max-age=604800, report-uri="https://report-uri.cloudflare.com/cdn-cgi/beacon/expect-ct"',
19 verbose headers   'last-modified': 'Sun, 27 May 2018 22:54:25 GMT',
19 verbose headers   vary: 'accept-encoding, accept',
19 verbose headers   server: 'cloudflare',
19 verbose headers   'content-encoding': 'gzip' }
20 silly get cb [ 200,
20 silly get   { date: 'Fri, 22 Jun 2018 20:03:47 GMT',
20 silly get     'content-type': 'application/json; charset=UTF-8',
20 silly get     'transfer-encoding': 'chunked',
20 silly get     connection: 'keep-alive',
20 silly get     'set-cookie':
20 silly get      [ '__cfduid=da9ab978fdc67d633a6570c59c2b662421529697827; expires=Sat, 22-Jun-19 20:03:47 GMT; path=/; domain=.registry.npmjs.org; HttpOnly' ],
20 silly get     'cache-control': 'max-age=300',
20 silly get     'cf-cache-status': 'HIT',
20 silly get     'cf-ray': '42f151fefc75b7cb-CDG',
20 silly get     etag: 'W/"9552c2bccbf113f588f25d2289c03311"',
20 silly get     'expect-ct': 'max-age=604800, report-uri="https://report-uri.cloudflare.com/cdn-cgi/beacon/expect-ct"',
20 silly get     'last-modified': 'Sun, 27 May 2018 22:54:25 GMT',
20 silly get     vary: 'accept-encoding, accept',
20 silly get     server: 'cloudflare',
20 silly get     'content-encoding': 'gzip' } ]
21 verbose get saving zlib to /home/blacktime/.npm/registry.npmjs.org/zlib/.cache.json
22 verbose makeDirectory /home/blacktime/.npm creation not in flight; initializing
23 silly makeDirectory /home/blacktime/.npm uid: 1000 gid: 1000
24 silly install normalizeTree
25 silly loadCurrentTree Finishing
26 silly loadIdealTree Starting
27 silly install loadIdealTree
28 silly cloneCurrentTree Starting
29 silly install cloneCurrentTreeToIdealTree
30 silly cloneCurrentTree Finishing
31 silly loadShrinkwrap Starting
32 silly install loadShrinkwrap
33 silly loadShrinkwrap Finishing
34 silly loadAllDepsIntoIdealTree Starting
35 silly install loadAllDepsIntoIdealTree
36 silly resolveWithNewModule zlib@1.0.5 checking installable status
37 silly cache add args [ 'zlib', null ]
38 verbose cache add spec zlib
39 silly cache add parsed spec Result {
39 silly cache add   raw: 'zlib',
39 silly cache add   scope: null,
39 silly cache add   name: 'zlib',
39 silly cache add   rawSpec: '',
39 silly cache add   spec: 'latest',
39 silly cache add   type: 'tag' }
40 silly addNamed zlib@latest
41 verbose addNamed "latest" is being treated as a dist-tag for zlib
42 info addNameTag [ 'zlib', 'latest' ]
43 silly mapToRegistry name zlib
44 silly mapToRegistry using default registry
45 silly mapToRegistry registry https://registry.npmjs.org/
46 silly mapToRegistry uri https://registry.npmjs.org/zlib
47 verbose addNameTag registry:https://registry.npmjs.org/zlib not in flight; fetching
48 verbose get https://registry.npmjs.org/zlib not expired, no request
49 silly addNameTag next cb for zlib with tag latest
50 silly addNamed zlib@1.0.5
51 verbose addNamed "1.0.5" is a plain semver version for zlib
52 silly mapToRegistry name zlib
53 silly mapToRegistry using default registry
54 silly mapToRegistry registry https://registry.npmjs.org/
55 silly mapToRegistry uri https://registry.npmjs.org/zlib
56 verbose addRemoteTarball https://registry.npmjs.org/zlib/-/zlib-1.0.5.tgz not in flight; adding
57 verbose addRemoteTarball [ 'https://registry.npmjs.org/zlib/-/zlib-1.0.5.tgz',
57 verbose addRemoteTarball   '6e7c972fc371c645a6afb03ab14769def114fcc0' ]
58 info retry fetch attempt 1 at 9:03:48 PM
59 info attempt registry request try #1 at 9:03:48 PM
60 http fetch GET https://registry.npmjs.org/zlib/-/zlib-1.0.5.tgz
61 http fetch 200 https://registry.npmjs.org/zlib/-/zlib-1.0.5.tgz
62 silly fetchAndShaCheck shasum 6e7c972fc371c645a6afb03ab14769def114fcc0
63 verbose addTmpTarball /tmp/npm-53-1b81d834/registry.npmjs.org/zlib/-/zlib-1.0.5.tgz not in flight; adding
64 verbose addTmpTarball already have metadata; skipping unpack for zlib@1.0.5
65 silly cache afterAdd zlib@1.0.5
66 verbose afterAdd /home/blacktime/.npm/zlib/1.0.5/package/package.json not in flight; writing
67 verbose afterAdd /home/blacktime/.npm/zlib/1.0.5/package/package.json written
68 silly loadAllDepsIntoIdealTree Finishing
69 silly idealTree:prePrune fourmis
69 silly idealTree:prePrune ├── accepts@1.3.5
69 silly idealTree:prePrune ├── after@0.8.2
69 silly idealTree:prePrune ├── array-flatten@1.1.1
69 silly idealTree:prePrune ├── arraybuffer.slice@0.0.7
69 silly idealTree:prePrune ├── async-limiter@1.0.0
69 silly idealTree:prePrune ├── backo2@1.0.2
69 silly idealTree:prePrune ├── base64-arraybuffer@0.1.5
69 silly idealTree:prePrune ├── base64id@1.0.0
69 silly idealTree:prePrune ├── better-assert@1.0.2
69 silly idealTree:prePrune ├── blob@0.0.4
69 silly idealTree:prePrune ├── body-parser@1.18.2
69 silly idealTree:prePrune ├── bytes@3.0.0
69 silly idealTree:prePrune ├── callsite@1.0.0
69 silly idealTree:prePrune ├── component-bind@1.0.0
69 silly idealTree:prePrune ├── component-emitter@1.2.1
69 silly idealTree:prePrune ├── component-inherit@0.0.3
69 silly idealTree:prePrune ├── content-disposition@0.5.2
69 silly idealTree:prePrune ├── content-type@1.0.4
69 silly idealTree:prePrune ├── cookie-signature@1.0.6
69 silly idealTree:prePrune ├── cookie@0.3.1
69 silly idealTree:prePrune ├── debug@2.6.9
69 silly idealTree:prePrune ├── depd@1.1.2
69 silly idealTree:prePrune ├── destroy@1.0.4
69 silly idealTree:prePrune ├── ee-first@1.1.1
69 silly idealTree:prePrune ├── encodeurl@1.0.2
69 silly idealTree:prePrune ├─┬ engine.io-client@3.2.1
69 silly idealTree:prePrune │ └── debug@3.1.0
69 silly idealTree:prePrune ├── engine.io-parser@2.1.2
69 silly idealTree:prePrune ├─┬ engine.io@3.2.0
69 silly idealTree:prePrune │ └── debug@3.1.0
69 silly idealTree:prePrune ├── escape-html@1.0.3
69 silly idealTree:prePrune ├── etag@1.8.1
69 silly idealTree:prePrune ├── express@4.16.3
69 silly idealTree:prePrune ├── finalhandler@1.1.1
69 silly idealTree:prePrune ├── forwarded@0.1.2
69 silly idealTree:prePrune ├── fresh@0.5.2
69 silly idealTree:prePrune ├── has-binary2@1.0.3
69 silly idealTree:prePrune ├── has-cors@1.1.0
69 silly idealTree:prePrune ├── http-errors@1.6.3
69 silly idealTree:prePrune ├── iconv-lite@0.4.19
69 silly idealTree:prePrune ├── indexof@0.0.1
69 silly idealTree:prePrune ├── inherits@2.0.3
69 silly idealTree:prePrune ├── ipaddr.js@1.6.0
69 silly idealTree:prePrune ├── isarray@2.0.1
69 silly idealTree:prePrune ├── media-typer@0.3.0
69 silly idealTree:prePrune ├── merge-descriptors@1.0.1
69 silly idealTree:prePrune ├── methods@1.1.2
69 silly idealTree:prePrune ├── mime-db@1.33.0
69 silly idealTree:prePrune ├── mime-types@2.1.18
69 silly idealTree:prePrune ├── mime@1.4.1
69 silly idealTree:prePrune ├── ms@2.0.0
69 silly idealTree:prePrune ├── negotiator@0.6.1
69 silly idealTree:prePrune ├── object-component@0.0.3
69 silly idealTree:prePrune ├── on-finished@2.3.0
69 silly idealTree:prePrune ├── parseqs@0.0.5
69 silly idealTree:prePrune ├── parseuri@0.0.5
69 silly idealTree:prePrune ├── parseurl@1.3.2
69 silly idealTree:prePrune ├── path-to-regexp@0.1.7
69 silly idealTree:prePrune ├── proxy-addr@2.0.3
69 silly idealTree:prePrune ├── qs@6.5.1
69 silly idealTree:prePrune ├── range-parser@1.2.0
69 silly idealTree:prePrune ├─┬ raw-body@2.3.2
69 silly idealTree:prePrune │ ├── depd@1.1.1
69 silly idealTree:prePrune │ ├── http-errors@1.6.2
69 silly idealTree:prePrune │ └── setprototypeof@1.0.3
69 silly idealTree:prePrune ├── safe-buffer@5.1.1
69 silly idealTree:prePrune ├── send@0.16.2
69 silly idealTree:prePrune ├── serve-static@1.13.2
69 silly idealTree:prePrune ├── setprototypeof@1.1.0
69 silly idealTree:prePrune ├── socket.io-adapter@1.1.1
69 silly idealTree:prePrune ├─┬ socket.io-client@2.1.1
69 silly idealTree:prePrune │ └── debug@3.1.0
69 silly idealTree:prePrune ├─┬ socket.io-parser@3.2.0
69 silly idealTree:prePrune │ └── debug@3.1.0
69 silly idealTree:prePrune ├─┬ socket.io@2.1.1
69 silly idealTree:prePrune │ └── debug@3.1.0
69 silly idealTree:prePrune ├── statuses@1.4.0
69 silly idealTree:prePrune ├── to-array@0.1.4
69 silly idealTree:prePrune ├── type-is@1.6.16
69 silly idealTree:prePrune ├── ultron@1.1.1
69 silly idealTree:prePrune ├── unpipe@1.0.0
69 silly idealTree:prePrune ├── utils-merge@1.0.1
69 silly idealTree:prePrune ├── vary@1.1.2
69 silly idealTree:prePrune ├── ws@3.3.3
69 silly idealTree:prePrune ├── xmlhttprequest-ssl@1.5.5
69 silly idealTree:prePrune ├── yeast@0.1.2
69 silly idealTree:prePrune └── zlib@1.0.5
70 silly loadIdealTree Finishing
71 silly currentTree fourmis
71 silly currentTree ├── accepts@1.3.5
71 silly currentTree ├── after@0.8.2
71 silly currentTree ├── array-flatten@1.1.1
71 silly currentTree ├── arraybuffer.slice@0.0.7
71 silly currentTree ├── async-limiter@1.0.0
71 silly currentTree ├── backo2@1.0.2
71 silly currentTree ├── base64-arraybuffer@0.1.5
71 silly currentTree ├── base64id@1.0.0
71 silly currentTree ├── better-assert@1.0.2
71 silly currentTree ├── blob@0.0.4
71 silly currentTree ├── body-parser@1.18.2
71 silly currentTree ├── bytes@3.0.0
71 silly currentTree ├── callsite@1.0.0
71 silly currentTree ├── component-bind@1.0.0
71 silly currentTree ├── component-emitter@1.2.1
71 silly currentTree ├── component-inherit@0.0.3
71 silly currentTree ├── content-disposition@0.5.2
71 silly currentTree ├── content-type@1.0.4
71 silly currentTree ├── cookie-signature@1.0.6
71 silly currentTree ├── cookie@0.3.1
71 silly currentTree ├── debug@2.6.9
71 silly currentTree ├── depd@1.1.2
71 silly currentTree ├── destroy@1.0.4
71 silly currentTree ├── ee-first@1.1.1
71 silly currentTree ├── encodeurl@1.0.2
71 silly currentTree ├─┬ engine.io-client@3.2.1
71 silly currentTree │ └── debug@3.1.0
71 silly currentTree ├── engine.io-parser@2.1.2
71 silly currentTree ├─┬ engine.io@3.2.0
71 silly currentTree │ └── debug@3.1.0
71 silly currentTree ├── escape-html@1.0.3
71 silly currentTree ├── etag@1.8.1
71 silly currentTree ├── express@4.16.3
71 silly currentTree ├── finalhandler@1.1.1
71 silly currentTree ├── forwarded@0.1.2
71 silly currentTree ├── fresh@0.5.2
71 silly currentTree ├── has-binary2@1.0.3
71 silly currentTree ├── has-cors@1.1.0
71 silly currentTree ├── http-errors@1.6.3
71 silly currentTree ├── iconv-lite@0.4.19
71 silly currentTree ├── indexof@0.0.1
71 silly currentTree ├── inherits@2.0.3
71 silly currentTree ├── ipaddr.js@1.6.0
71 silly currentTree ├── isarray@2.0.1
71 silly currentTree ├── media-typer@0.3.0
71 silly currentTree ├── merge-descriptors@1.0.1
71 silly currentTree ├── methods@1.1.2
71 silly currentTree ├── mime-db@1.33.0
71 silly currentTree ├── mime-types@2.1.18
71 silly currentTree ├── mime@1.4.1
71 silly currentTree ├── ms@2.0.0
71 silly currentTree ├── negotiator@0.6.1
71 silly currentTree ├── object-component@0.0.3
71 silly currentTree ├── on-finished@2.3.0
71 silly currentTree ├── parseqs@0.0.5
71 silly currentTree ├── parseuri@0.0.5
71 silly currentTree ├── parseurl@1.3.2
71 silly currentTree ├── path-to-regexp@0.1.7
71 silly currentTree ├── proxy-addr@2.0.3
71 silly currentTree ├── qs@6.5.1
71 silly currentTree ├── range-parser@1.2.0
71 silly currentTree ├─┬ raw-body@2.3.2
71 silly currentTree │ ├── depd@1.1.1
71 silly currentTree │ ├── http-errors@1.6.2
71 silly currentTree │ └── setprototypeof@1.0.3
71 silly currentTree ├── safe-buffer@5.1.1
71 silly currentTree ├── send@0.16.2
71 silly currentTree ├── serve-static@1.13.2
71 silly currentTree ├── setprototypeof@1.1.0
71 silly currentTree ├── socket.io-adapter@1.1.1
71 silly currentTree ├─┬ socket.io-client@2.1.1
71 silly currentTree │ └── debug@3.1.0
71 silly currentTree ├─┬ socket.io-parser@3.2.0
71 silly currentTree │ └── debug@3.1.0
71 silly currentTree ├─┬ socket.io@2.1.1
71 silly currentTree │ └── debug@3.1.0
71 silly currentTree ├── statuses@1.4.0
71 silly currentTree ├── to-array@0.1.4
71 silly currentTree ├── type-is@1.6.16
71 silly currentTree ├── ultron@1.1.1
71 silly currentTree ├── unpipe@1.0.0
71 silly currentTree ├── utils-merge@1.0.1
71 silly currentTree ├── vary@1.1.2
71 silly currentTree ├── ws@3.3.3
71 silly currentTree ├── xmlhttprequest-ssl@1.5.5
71 silly currentTree └── yeast@0.1.2
72 silly idealTree fourmis
72 silly idealTree ├── accepts@1.3.5
72 silly idealTree ├── after@0.8.2
72 silly idealTree ├── array-flatten@1.1.1
72 silly idealTree ├── arraybuffer.slice@0.0.7
72 silly idealTree ├── async-limiter@1.0.0
72 silly idealTree ├── backo2@1.0.2
72 silly idealTree ├── base64-arraybuffer@0.1.5
72 silly idealTree ├── base64id@1.0.0
72 silly idealTree ├── better-assert@1.0.2
72 silly idealTree ├── blob@0.0.4
72 silly idealTree ├── body-parser@1.18.2
72 silly idealTree ├── bytes@3.0.0
72 silly idealTree ├── callsite@1.0.0
72 silly idealTree ├── component-bind@1.0.0
72 silly idealTree ├── component-emitter@1.2.1
72 silly idealTree ├── component-inherit@0.0.3
72 silly idealTree ├── content-disposition@0.5.2
72 silly idealTree ├── content-type@1.0.4
72 silly idealTree ├── cookie-signature@1.0.6
72 silly idealTree ├── cookie@0.3.1
72 silly idealTree ├── debug@2.6.9
72 silly idealTree ├── depd@1.1.2
72 silly idealTree ├── destroy@1.0.4
72 silly idealTree ├── ee-first@1.1.1
72 silly idealTree ├── encodeurl@1.0.2
72 silly idealTree ├─┬ engine.io-client@3.2.1
72 silly idealTree │ └── debug@3.1.0
72 silly idealTree ├── engine.io-parser@2.1.2
72 silly idealTree ├─┬ engine.io@3.2.0
72 silly idealTree │ └── debug@3.1.0
72 silly idealTree ├── escape-html@1.0.3
72 silly idealTree ├── etag@1.8.1
72 silly idealTree ├── express@4.16.3
72 silly idealTree ├── finalhandler@1.1.1
72 silly idealTree ├── forwarded@0.1.2
72 silly idealTree ├── fresh@0.5.2
72 silly idealTree ├── has-binary2@1.0.3
72 silly idealTree ├── has-cors@1.1.0
72 silly idealTree ├── http-errors@1.6.3
72 silly idealTree ├── iconv-lite@0.4.19
72 silly idealTree ├── indexof@0.0.1
72 silly idealTree ├── inherits@2.0.3
72 silly idealTree ├── ipaddr.js@1.6.0
72 silly idealTree ├── isarray@2.0.1
72 silly idealTree ├── media-typer@0.3.0
72 silly idealTree ├── merge-descriptors@1.0.1
72 silly idealTree ├── methods@1.1.2
72 silly idealTree ├── mime-db@1.33.0
72 silly idealTree ├── mime-types@2.1.18
72 silly idealTree ├── mime@1.4.1
72 silly idealTree ├── ms@2.0.0
72 silly idealTree ├── negotiator@0.6.1
72 silly idealTree ├── object-component@0.0.3
72 silly idealTree ├── on-finished@2.3.0
72 silly idealTree ├── parseqs@0.0.5
72 silly idealTree ├── parseuri@0.0.5
72 silly idealTree ├── parseurl@1.3.2
72 silly idealTree ├── path-to-regexp@0.1.7
72 silly idealTree ├── proxy-addr@2.0.3
72 silly idealTree ├── qs@6.5.1
72 silly idealTree ├── range-parser@1.2.0
72 silly idealTree ├─┬ raw-body@2.3.2
72 silly idealTree │ ├── depd@1.1.1
72 silly idealTree │ ├── http-errors@1.6.2
72 silly idealTree │ └── setprototypeof@1.0.3
72 silly idealTree ├── safe-buffer@5.1.1
72 silly idealTree ├── send@0.16.2
72 silly idealTree ├── serve-static@1.13.2
72 silly idealTree ├── setprototypeof@1.1.0
72 silly idealTree ├── socket.io-adapter@1.1.1
72 silly idealTree ├─┬ socket.io-client@2.1.1
72 silly idealTree │ └── debug@3.1.0
72 silly idealTree ├─┬ socket.io-parser@3.2.0
72 silly idealTree │ └── debug@3.1.0
72 silly idealTree ├─┬ socket.io@2.1.1
72 silly idealTree │ └── debug@3.1.0
72 silly idealTree ├── statuses@1.4.0
72 silly idealTree ├── to-array@0.1.4
72 silly idealTree ├── type-is@1.6.16
72 silly idealTree ├── ultron@1.1.1
72 silly idealTree ├── unpipe@1.0.0
72 silly idealTree ├── utils-merge@1.0.1
72 silly idealTree ├── vary@1.1.2
72 silly idealTree ├── ws@3.3.3
72 silly idealTree ├── xmlhttprequest-ssl@1.5.5
72 silly idealTree ├── yeast@0.1.2
72 silly idealTree └── zlib@1.0.5
73 silly generateActionsToTake Starting
74 silly install generateActionsToTake
75 silly generateActionsToTake Finishing
76 silly diffTrees action count 3
77 silly diffTrees update express@4.16.3
78 silly diffTrees update socket.io@2.1.1
79 silly diffTrees add zlib@1.0.5
80 silly decomposeActions action count 24
81 silly decomposeActions fetch express@4.16.3
82 silly decomposeActions extract express@4.16.3
83 silly decomposeActions test express@4.16.3
84 silly decomposeActions preinstall express@4.16.3
85 silly decomposeActions build express@4.16.3
86 silly decomposeActions install express@4.16.3
87 silly decomposeActions postinstall express@4.16.3
88 silly decomposeActions finalize express@4.16.3
89 silly decomposeActions fetch socket.io@2.1.1
90 silly decomposeActions extract socket.io@2.1.1
91 silly decomposeActions test socket.io@2.1.1
92 silly decomposeActions preinstall socket.io@2.1.1
93 silly decomposeActions build socket.io@2.1.1
94 silly decomposeActions install socket.io@2.1.1
95 silly decomposeActions postinstall socket.io@2.1.1
96 silly decomposeActions finalize socket.io@2.1.1
97 silly decomposeActions fetch zlib@1.0.5
98 silly decomposeActions extract zlib@1.0.5
99 silly decomposeActions test zlib@1.0.5
100 silly decomposeActions preinstall zlib@1.0.5
101 silly decomposeActions build zlib@1.0.5
102 silly decomposeActions install zlib@1.0.5
103 silly decomposeActions postinstall zlib@1.0.5
104 silly decomposeActions finalize zlib@1.0.5
105 silly executeActions Starting
106 silly install executeActions
107 silly doSerial global-install 0
108 silly doParallel fetch 3
109 verbose makeDirectory /home/blacktime/.npm/_locks creation not in flight; initializing
110 silly makeDirectory /home/blacktime/.npm/_locks uid: 1000 gid: 1000
111 verbose lock using /home/blacktime/.npm/_locks/staging-e96159ddb69dba8c.lock for /mnt/c/Users/lordi/Documents/fourmis/node_modules/.staging
112 silly doParallel extract 3
113 silly extract express@4.16.3
114 silly extract socket.io@2.1.1
115 silly extract zlib@1.0.5
116 silly addNamed express@4.16.3
117 verbose addNamed "4.16.3" is a plain semver version for express
118 silly mapToRegistry name express
119 silly mapToRegistry using default registry
120 silly mapToRegistry registry https://registry.npmjs.org/
121 silly mapToRegistry uri https://registry.npmjs.org/express
122 verbose addNameVersion registry:https://registry.npmjs.org/express not in flight; fetching
123 silly addNamed socket.io@2.1.1
124 verbose addNamed "2.1.1" is a plain semver version for socket.io
125 silly mapToRegistry name socket.io
126 silly mapToRegistry using default registry
127 silly mapToRegistry registry https://registry.npmjs.org/
128 silly mapToRegistry uri https://registry.npmjs.org/socket.io
129 verbose addNameVersion registry:https://registry.npmjs.org/socket.io not in flight; fetching
130 verbose request uri https://registry.npmjs.org/express
131 verbose request no auth needed
132 info attempt registry request try #1 at 9:03:48 PM
133 http request GET https://registry.npmjs.org/express
134 verbose request uri https://registry.npmjs.org/socket.io
135 verbose request no auth needed
136 info attempt registry request try #1 at 9:03:48 PM
137 http request GET https://registry.npmjs.org/socket.io
138 verbose unbuild node_modules/.staging/zlib-9ae1b04d
139 silly gentlyRm /mnt/c/Users/lordi/Documents/fourmis/node_modules/.staging/zlib-9ae1b04d is being purged from base /mnt/c/Users/lordi/Documents/fourmis
140 verbose gentlyRm don't care about contents; nuking /mnt/c/Users/lordi/Documents/fourmis/node_modules/.staging/zlib-9ae1b04d
141 verbose tar unpack /home/blacktime/.npm/zlib/1.0.5/package.tgz
142 verbose tar unpacking to /mnt/c/Users/lordi/Documents/fourmis/node_modules/.staging/zlib-9ae1b04d
143 silly gentlyRm /mnt/c/Users/lordi/Documents/fourmis/node_modules/.staging/zlib-9ae1b04d is being purged
144 verbose gentlyRm don't care about contents; nuking /mnt/c/Users/lordi/Documents/fourmis/node_modules/.staging/zlib-9ae1b04d
145 silly gunzTarPerm modes [ '777', '666' ]
146 silly gunzTarPerm extractEntry .gitignore
147 silly gunzTarPerm modified mode [ '.gitignore', 420, 438 ]
148 silly gunzTarPerm extractEntry configure
149 silly gunzTarPerm modified mode [ 'configure', 493, 511 ]
150 silly gunzTarPerm extractEntry index.js
151 silly gunzTarPerm modified mode [ 'index.js', 420, 438 ]
152 silly gunzTarPerm extractEntry LICENSE
153 silly gunzTarPerm modified mode [ 'LICENSE', 420, 438 ]
154 silly gunzTarPerm extractEntry Makefile
155 silly gunzTarPerm modified mode [ 'Makefile', 420, 438 ]
156 silly gunzTarPerm extractEntry package.json
157 silly gunzTarPerm modified mode [ 'package.json', 420, 438 ]
158 silly gunzTarPerm extractEntry README.md
159 silly gunzTarPerm modified mode [ 'README.md', 420, 438 ]
160 silly gunzTarPerm extractEntry wscript
161 silly gunzTarPerm modified mode [ 'wscript', 420, 438 ]
162 silly gunzTarPerm extractEntry lib/zlib.js
163 silly gunzTarPerm modified mode [ 'lib/zlib.js', 420, 438 ]
164 silly gunzTarPerm extractEntry src/node-zlib.cc
165 silly gunzTarPerm modified mode [ 'src/node-zlib.cc', 420, 438 ]
166 silly gunzTarPerm extractEntry test/deflate.test.js
167 silly gunzTarPerm modified mode [ 'test/deflate.test.js', 420, 438 ]
168 silly gunzTarPerm extractEntry test/inflate.test.js
169 silly gunzTarPerm modified mode [ 'test/inflate.test.js', 420, 438 ]
170 http 200 https://registry.npmjs.org/express
171 verbose headers { date: 'Fri, 22 Jun 2018 20:03:48 GMT',
171 verbose headers   'content-type': 'application/json; charset=UTF-8',
171 verbose headers   'transfer-encoding': 'chunked',
171 verbose headers   connection: 'keep-alive',
171 verbose headers   'set-cookie':
171 verbose headers    [ '__cfduid=d056fcf3a7ebe1c3a31d5e37b5d642fb11529697828; expires=Sat, 22-Jun-19 20:03:48 GMT; path=/; domain=.registry.npmjs.org; HttpOnly' ],
171 verbose headers   'cache-control': 'max-age=300',
171 verbose headers   'cf-cache-status': 'HIT',
171 verbose headers   'cf-ray': '42f1520369ebb7cb-CDG',
171 verbose headers   etag: 'W/"e6503c8c1e99ebf156ea4c24d986347e"',
171 verbose headers   'expect-ct': 'max-age=604800, report-uri="https://report-uri.cloudflare.com/cdn-cgi/beacon/expect-ct"',
171 verbose headers   'last-modified': 'Sun, 27 May 2018 00:12:56 GMT',
171 verbose headers   vary: 'accept-encoding, accept',
171 verbose headers   server: 'cloudflare',
171 verbose headers   'content-encoding': 'gzip' }
172 silly get cb [ 200,
172 silly get   { date: 'Fri, 22 Jun 2018 20:03:48 GMT',
172 silly get     'content-type': 'application/json; charset=UTF-8',
172 silly get     'transfer-encoding': 'chunked',
172 silly get     connection: 'keep-alive',
172 silly get     'set-cookie':
172 silly get      [ '__cfduid=d056fcf3a7ebe1c3a31d5e37b5d642fb11529697828; expires=Sat, 22-Jun-19 20:03:48 GMT; path=/; domain=.registry.npmjs.org; HttpOnly' ],
172 silly get     'cache-control': 'max-age=300',
172 silly get     'cf-cache-status': 'HIT',
172 silly get     'cf-ray': '42f1520369ebb7cb-CDG',
172 silly get     etag: 'W/"e6503c8c1e99ebf156ea4c24d986347e"',
172 silly get     'expect-ct': 'max-age=604800, report-uri="https://report-uri.cloudflare.com/cdn-cgi/beacon/expect-ct"',
172 silly get     'last-modified': 'Sun, 27 May 2018 00:12:56 GMT',
172 silly get     vary: 'accept-encoding, accept',
172 silly get     server: 'cloudflare',
172 silly get     'content-encoding': 'gzip' } ]
173 verbose get saving express to /home/blacktime/.npm/registry.npmjs.org/express/.cache.json
174 silly mapToRegistry name express
175 silly mapToRegistry using default registry
176 silly mapToRegistry registry https://registry.npmjs.org/
177 silly mapToRegistry uri https://registry.npmjs.org/express
178 verbose addRemoteTarball https://registry.npmjs.org/express/-/express-4.16.3.tgz not in flight; adding
179 verbose addRemoteTarball [ 'https://registry.npmjs.org/express/-/express-4.16.3.tgz',
179 verbose addRemoteTarball   '6af8a502350db3246ecc4becf6b5a34d22f7ed53' ]
180 http 200 https://registry.npmjs.org/socket.io
181 verbose headers { date: 'Fri, 22 Jun 2018 20:03:48 GMT',
181 verbose headers   'content-type': 'application/json; charset=UTF-8',
181 verbose headers   'transfer-encoding': 'chunked',
181 verbose headers   connection: 'keep-alive',
181 verbose headers   'set-cookie':
181 verbose headers    [ '__cfduid=dcef6b962b6377b9cdf0a52eb6d08a7891529697828; expires=Sat, 22-Jun-19 20:03:48 GMT; path=/; domain=.registry.npmjs.org; HttpOnly' ],
181 verbose headers   'cache-control': 'max-age=300',
181 verbose headers   'cf-cache-status': 'HIT',
181 verbose headers   'cf-ray': '42f152040e3ab783-CDG',
181 verbose headers   etag: 'W/"beb6bbf37750b1941359bc7bf04a7cdc"',
181 verbose headers   'expect-ct': 'max-age=604800, report-uri="https://report-uri.cloudflare.com/cdn-cgi/beacon/expect-ct"',
181 verbose headers   'last-modified': 'Thu, 14 Jun 2018 11:49:49 GMT',
181 verbose headers   vary: 'accept-encoding, accept',
181 verbose headers   server: 'cloudflare',
181 verbose headers   'content-encoding': 'gzip' }
182 silly get cb [ 200,
182 silly get   { date: 'Fri, 22 Jun 2018 20:03:48 GMT',
182 silly get     'content-type': 'application/json; charset=UTF-8',
182 silly get     'transfer-encoding': 'chunked',
182 silly get     connection: 'keep-alive',
182 silly get     'set-cookie':
182 silly get      [ '__cfduid=dcef6b962b6377b9cdf0a52eb6d08a7891529697828; expires=Sat, 22-Jun-19 20:03:48 GMT; path=/; domain=.registry.npmjs.org; HttpOnly' ],
182 silly get     'cache-control': 'max-age=300',
182 silly get     'cf-cache-status': 'HIT',
182 silly get     'cf-ray': '42f152040e3ab783-CDG',
182 silly get     etag: 'W/"beb6bbf37750b1941359bc7bf04a7cdc"',
182 silly get     'expect-ct': 'max-age=604800, report-uri="https://report-uri.cloudflare.com/cdn-cgi/beacon/expect-ct"',
182 silly get     'last-modified': 'Thu, 14 Jun 2018 11:49:49 GMT',
182 silly get     vary: 'accept-encoding, accept',
182 silly get     server: 'cloudflare',
182 silly get     'content-encoding': 'gzip' } ]
183 verbose get saving socket.io to /home/blacktime/.npm/registry.npmjs.org/socket.io/.cache.json
184 info retry fetch attempt 1 at 9:03:48 PM
185 info attempt registry request try #1 at 9:03:48 PM
186 http fetch GET https://registry.npmjs.org/express/-/express-4.16.3.tgz
187 silly mapToRegistry name socket.io
188 silly mapToRegistry using default registry
189 silly mapToRegistry registry https://registry.npmjs.org/
190 silly mapToRegistry uri https://registry.npmjs.org/socket.io
191 verbose addRemoteTarball https://registry.npmjs.org/socket.io/-/socket.io-2.1.1.tgz not in flight; adding
192 verbose addRemoteTarball [ 'https://registry.npmjs.org/socket.io/-/socket.io-2.1.1.tgz',
192 verbose addRemoteTarball   'a069c5feabee3e6b214a75b40ce0652e1cfb9980' ]
193 info retry fetch attempt 1 at 9:03:48 PM
194 info attempt registry request try #1 at 9:03:48 PM
195 http fetch GET https://registry.npmjs.org/socket.io/-/socket.io-2.1.1.tgz
196 http fetch 200 https://registry.npmjs.org/express/-/express-4.16.3.tgz
197 silly gentlyRm /mnt/c/Users/lordi/Documents/fourmis/node_modules/.staging/zlib-9ae1b04d/node_modules is being purged
198 verbose gentlyRm don't care about contents; nuking /mnt/c/Users/lordi/Documents/fourmis/node_modules/.staging/zlib-9ae1b04d/node_modules
199 silly fetchAndShaCheck shasum 6af8a502350db3246ecc4becf6b5a34d22f7ed53
200 verbose addTmpTarball /tmp/npm-53-1b81d834/registry.npmjs.org/express/-/express-4.16.3.tgz not in flight; adding
201 verbose addTmpTarball already have metadata; skipping unpack for express@4.16.3
202 verbose unbuild node_modules/.staging/express-8d87661e
203 http fetch 200 https://registry.npmjs.org/socket.io/-/socket.io-2.1.1.tgz
204 silly gentlyRm /mnt/c/Users/lordi/Documents/fourmis/node_modules/.staging/express-8d87661e is being purged from base /mnt/c/Users/lordi/Documents/fourmis
205 verbose gentlyRm don't care about contents; nuking /mnt/c/Users/lordi/Documents/fourmis/node_modules/.staging/express-8d87661e
206 verbose tar unpack /home/blacktime/.npm/express/4.16.3/package.tgz
207 verbose tar unpacking to /mnt/c/Users/lordi/Documents/fourmis/node_modules/.staging/express-8d87661e
208 silly gentlyRm /mnt/c/Users/lordi/Documents/fourmis/node_modules/.staging/express-8d87661e is being purged
209 verbose gentlyRm don't care about contents; nuking /mnt/c/Users/lordi/Documents/fourmis/node_modules/.staging/express-8d87661e
210 silly gunzTarPerm modes [ '777', '666' ]
211 silly gunzTarPerm extractEntry package.json
212 silly gunzTarPerm modified mode [ 'package.json', 420, 438 ]
213 silly gunzTarPerm extractEntry LICENSE
214 silly gunzTarPerm modified mode [ 'LICENSE', 420, 438 ]
215 silly fetchAndShaCheck shasum a069c5feabee3e6b214a75b40ce0652e1cfb9980
216 silly gunzTarPerm extractEntry index.js
217 silly gunzTarPerm modified mode [ 'index.js', 420, 438 ]
218 verbose addTmpTarball /tmp/npm-53-1b81d834/registry.npmjs.org/socket.io/-/socket.io-2.1.1.tgz not in flight; adding
219 verbose addTmpTarball already have metadata; skipping unpack for socket.io@2.1.1
220 silly gunzTarPerm extractEntry Readme.md
221 silly gunzTarPerm modified mode [ 'Readme.md', 420, 438 ]
222 silly gunzTarPerm extractEntry History.md
223 silly gunzTarPerm modified mode [ 'History.md', 420, 438 ]
224 silly gunzTarPerm extractEntry lib/application.js
225 silly gunzTarPerm modified mode [ 'lib/application.js', 420, 438 ]
226 silly gunzTarPerm extractEntry lib/express.js
227 silly gunzTarPerm modified mode [ 'lib/express.js', 420, 438 ]
228 verbose unbuild node_modules/.staging/socket.io-063cf33f
229 silly gentlyRm /mnt/c/Users/lordi/Documents/fourmis/node_modules/.staging/socket.io-063cf33f is being purged from base /mnt/c/Users/lordi/Documents/fourmis
230 verbose gentlyRm don't care about contents; nuking /mnt/c/Users/lordi/Documents/fourmis/node_modules/.staging/socket.io-063cf33f
231 verbose tar unpack /home/blacktime/.npm/socket.io/2.1.1/package.tgz
232 verbose tar unpacking to /mnt/c/Users/lordi/Documents/fourmis/node_modules/.staging/socket.io-063cf33f
233 silly gentlyRm /mnt/c/Users/lordi/Documents/fourmis/node_modules/.staging/socket.io-063cf33f is being purged
234 verbose gentlyRm don't care about contents; nuking /mnt/c/Users/lordi/Documents/fourmis/node_modules/.staging/socket.io-063cf33f
235 silly gunzTarPerm modes [ '777', '666' ]
236 silly gunzTarPerm extractEntry lib/request.js
237 silly gunzTarPerm modified mode [ 'lib/request.js', 420, 438 ]
238 silly gunzTarPerm extractEntry lib/response.js
239 silly gunzTarPerm modified mode [ 'lib/response.js', 420, 438 ]
240 silly gunzTarPerm extractEntry package.json
241 silly gunzTarPerm modified mode [ 'package.json', 436, 438 ]
242 silly gunzTarPerm extractEntry LICENSE
243 silly gunzTarPerm modified mode [ 'LICENSE', 436, 438 ]
244 silly gunzTarPerm extractEntry Readme.md
245 silly gunzTarPerm modified mode [ 'Readme.md', 436, 438 ]
246 silly gunzTarPerm extractEntry lib/utils.js
247 silly gunzTarPerm modified mode [ 'lib/utils.js', 420, 438 ]
248 silly gunzTarPerm extractEntry lib/view.js
249 silly gunzTarPerm modified mode [ 'lib/view.js', 420, 438 ]
250 silly gunzTarPerm extractEntry lib/middleware/init.js
251 silly gunzTarPerm modified mode [ 'lib/middleware/init.js', 420, 438 ]
252 silly gunzTarPerm extractEntry lib/client.js
253 silly gunzTarPerm modified mode [ 'lib/client.js', 436, 438 ]
254 silly gunzTarPerm extractEntry lib/middleware/query.js
255 silly gunzTarPerm modified mode [ 'lib/middleware/query.js', 420, 438 ]
256 silly gunzTarPerm extractEntry lib/router/index.js
257 silly gunzTarPerm modified mode [ 'lib/router/index.js', 420, 438 ]
258 silly gunzTarPerm extractEntry lib/router/layer.js
259 silly gunzTarPerm modified mode [ 'lib/router/layer.js', 420, 438 ]
260 silly gunzTarPerm extractEntry lib/router/route.js
261 silly gunzTarPerm modified mode [ 'lib/router/route.js', 420, 438 ]
262 silly gunzTarPerm extractEntry lib/index.js
263 silly gunzTarPerm modified mode [ 'lib/index.js', 436, 438 ]
264 silly gunzTarPerm extractEntry lib/namespace.js
265 silly gunzTarPerm modified mode [ 'lib/namespace.js', 436, 438 ]
266 silly gunzTarPerm extractEntry lib/parent-namespace.js
267 silly gunzTarPerm modified mode [ 'lib/parent-namespace.js', 436, 438 ]
268 silly gunzTarPerm extractEntry lib/socket.js
269 silly gunzTarPerm modified mode [ 'lib/socket.js', 436, 438 ]
270 silly gentlyRm /mnt/c/Users/lordi/Documents/fourmis/node_modules/.staging/socket.io-063cf33f/node_modules is being purged
271 verbose gentlyRm don't care about contents; nuking /mnt/c/Users/lordi/Documents/fourmis/node_modules/.staging/socket.io-063cf33f/node_modules
272 silly gentlyRm /mnt/c/Users/lordi/Documents/fourmis/node_modules/.staging/express-8d87661e/node_modules is being purged
273 verbose gentlyRm don't care about contents; nuking /mnt/c/Users/lordi/Documents/fourmis/node_modules/.staging/express-8d87661e/node_modules
274 silly doParallel preinstall 3
275 silly preinstall express@4.16.3 /mnt/c/Users/lordi/Documents/fourmis/node_modules/.staging/express-8d87661e
276 info lifecycle express@4.16.3~preinstall: express@4.16.3
277 silly preinstall socket.io@2.1.1 /mnt/c/Users/lordi/Documents/fourmis/node_modules/.staging/socket.io-063cf33f
278 info lifecycle socket.io@2.1.1~preinstall: socket.io@2.1.1
279 silly preinstall zlib@1.0.5 /mnt/c/Users/lordi/Documents/fourmis/node_modules/.staging/zlib-9ae1b04d
280 info lifecycle zlib@1.0.5~preinstall: zlib@1.0.5
281 silly lifecycle express@4.16.3~preinstall: no script for preinstall, continuing
282 silly lifecycle socket.io@2.1.1~preinstall: no script for preinstall, continuing
283 verbose lifecycle zlib@1.0.5~preinstall: unsafe-perm in lifecycle true
284 verbose lifecycle zlib@1.0.5~preinstall: PATH: /usr/share/npm/bin/node-gyp-bin:/mnt/c/Users/lordi/Documents/fourmis/node_modules/.staging/zlib-9ae1b04d/node_modules/.bin:/mnt/c/Users/lordi/Documents/fourmis/node_modules/.bin:/usr/local/sbin:/usr/local/bin:/usr/sbin:/usr/bin:/sbin:/bin:/usr/games:/usr/local/games:/mnt/c/ProgramData/Oracle/Java/javapath_target_2399625:/mnt/c/Program Files (x86)/Intel/iCLS Client:/mnt/c/Program Files/Intel/iCLS Client:/mnt/c/Windows/System32:/mnt/c/Windows:/mnt/c/Windows/System32/wbem:/mnt/c/Windows/System32/WindowsPowerShell/v1.0:/mnt/c/Program Files (x86)/Intel/Intel(R) Management Engine Components/DAL:/mnt/c/Program Files/Intel/Intel(R) Management Engine Components/DAL:/mnt/c/Program Files (x86)/Intel/Intel(R) Management Engine Components/IPT:/mnt/c/Program Files/Intel/Intel(R) Management Engine Components/IPT:/mnt/c/Program Files (x86)/Brackets/command:/mnt/c/Program Files/PuTTY:/mnt/c/Program Files/nodejs:/mnt/c/Windows/System32/OpenSSH:/mnt/c/Users/lordi/AppData/Local/Programs/Python/Python36-32/Scripts:/mnt/c/Users/lordi/AppData/Local/Programs/Python/Python36-32:/mnt/c/Users/lordi/AppData/Local/Microsoft/WindowsApps:/mnt/c/Program Files/Microsoft VS Code/bin:/mnt/c/Users/lordi/AppData/Roaming/npm:/snap/bin
285 verbose lifecycle zlib@1.0.5~preinstall: CWD: /mnt/c/Users/lordi/Documents/fourmis/node_modules/.staging/zlib-9ae1b04d
286 silly lifecycle zlib@1.0.5~preinstall: Args: [ '-c', 'node-waf clean || true; node-waf configure build' ]
287 info lifecycle zlib@1.0.5~preinstall: Failed to exec preinstall script
288 verbose unlock done using /home/blacktime/.npm/_locks/staging-e96159ddb69dba8c.lock for /mnt/c/Users/lordi/Documents/fourmis/node_modules/.staging
289 silly rollbackFailedOptional Starting
290 silly rollbackFailedOptional Finishing
291 silly runTopLevelLifecycles Starting
292 silly runTopLevelLifecycles Finishing
293 silly install printInstalled
294 warn Invalid name: "Online langton's ant"
295 warn fourmis No description
296 warn fourmis No repository field.
297 warn fourmis No README data
298 warn fourmis No license field.
299 verbose stack Error: zlib@1.0.5 preinstall: `node-waf clean || true; node-waf configure build`
299 verbose stack spawn ENOENT
299 verbose stack     at ChildProcess.<anonymous> (/usr/share/npm/lib/utils/spawn.js:17:16)
299 verbose stack     at emitTwo (events.js:126:13)
299 verbose stack     at ChildProcess.emit (events.js:214:7)
299 verbose stack     at maybeClose (internal/child_process.js:925:16)
299 verbose stack     at Process.ChildProcess._handle.onexit (internal/child_process.js:209:5)
300 verbose pkgid zlib@1.0.5
301 verbose cwd /mnt/c/Users/lordi/Documents/fourmis
302 error Linux 4.4.0-17134-Microsoft
303 error argv "/usr/bin/node" "/usr/bin/npm" "install" "zlib"
304 error node v8.10.0
305 error npm  v3.5.2
306 error file sh
307 error code ELIFECYCLE
308 error errno ENOENT
309 error syscall spawn
310 error zlib@1.0.5 preinstall: `node-waf clean || true; node-waf configure build`
310 error spawn ENOENT
311 error Failed at the zlib@1.0.5 preinstall script 'node-waf clean || true; node-waf configure build'.
311 error Make sure you have the latest version of node.js and npm installed.
311 error If you do, this is most likely a problem with the zlib package,
311 error not with npm itself.
311 error Tell the author that this fails on your system:
311 error     node-waf clean || true; node-waf configure build
311 error You can get information on how to open an issue for this project with:
311 error     npm bugs zlib
311 error Or if that isn't available, you can get their info via:
311 error     npm owner ls zlib
311 error There is likely additional logging output above.
312 verbose exit [ 1, true ]
